<?xml version="1.0" encoding="UTF-8"?>
<robot generator="Robot 7.2.2 (Python 3.13.1 on win32)" generated="2025-04-06T19:19:22.306940" rpa="false" schemaversion="5">
<suite id="s1" name="Login" source="C:\Users\olive\PycharmProjects\Ohjelmointi1\client-school\tests\login.robot">
<test id="s1-t1" name="Login To Health Diary" line="5">
<kw name="New Browser" owner="Browser">
<msg time="2025-04-06T19:19:22.536767" level="INFO">{"browser": "chromium", "headless": false, "chromiumSandbox": false, "devtools": false, "handleSIGHUP": true, "handleSIGINT": true, "handleSIGTERM": true, "slowMo": 0.0, "timeout": 30000.0, "tracesDir": "C:\\Users\\olive\\PycharmProjects\\Ohjelmointi1\\client-school\\outputs\\Case2\\browser\\traces\\temp\\e069af36-4e2c-43e4-954f-a21cac33aa3b"}</msg>
<msg time="2025-04-06T19:19:22.568116" level="INFO">Starting Browser process C:\Users\olive\PycharmProjects\Ohjelmointi1\client-school\.venv\Lib\site-packages\Browser\wrapper\index.js using port 60994</msg>
<msg time="2025-04-06T19:19:22.568230" level="INFO">Node startup parameters: ['node', 'C:\\Users\\olive\\PycharmProjects\\Ohjelmointi1\\client-school\\.venv\\Lib\\site-packages\\Browser\\wrapper\\index.js', '60994']</msg>
<msg time="2025-04-06T19:19:24.399358" level="INFO">Successfully created browser with options: {"browser":"chromium","headless":false,"chromiumSandbox":false,"devtools":false,"handleSIGHUP":true,"handleSIGINT":true,"handleSIGTERM":true,"slowMo":0,"timeout":30000,"tracesDir":"C:\\Users\\olive\\PycharmProjects\\Ohjelmointi1\\client-school\\outputs\\Case2\\browser\\traces\\temp\\e069af36-4e2c-43e4-954f-a21cac33aa3b"}</msg>
<arg>headless=false</arg>
<tag>BrowserControl</tag>
<tag>Setter</tag>
<doc>Create a new playwright Browser with specified options.</doc>
<status status="PASS" start="2025-04-06T19:19:22.535402" elapsed="1.864491"/>
</kw>
<kw name="New Page" owner="Browser">
<msg time="2025-04-06T19:19:25.794850" level="INFO">Successfully initialized new page object and opened url: https://healthdiary.netlify.app/login</msg>
<msg time="2025-04-06T19:19:25.795090" level="INFO">No context was open. New context was automatically opened when this page is created.</msg>
<arg>https://healthdiary.netlify.app/login</arg>
<tag>BrowserControl</tag>
<tag>Setter</tag>
<doc>Open a new Page.</doc>
<status status="PASS" start="2025-04-06T19:19:24.402630" elapsed="1.393342"/>
</kw>
<kw name="Fill Text" owner="Browser">
<msg time="2025-04-06T19:19:25.815467" level="INFO">Fills the text 'test1234' in the given field.</msg>
<arg>input &gt;&gt; nth=0</arg>
<arg>test1234</arg>
<tag>PageContent</tag>
<tag>Setter</tag>
<doc>Clears and fills the given ``txt`` into the text field found by ``selector``.</doc>
<status status="PASS" start="2025-04-06T19:19:25.814584" elapsed="0.172880"/>
</kw>
<kw name="Fill Text" owner="Browser">
<msg time="2025-04-06T19:19:26.017005" level="INFO">Fills the text 'test1234' in the given field.</msg>
<arg>input &gt;&gt; nth=1</arg>
<arg>test1234</arg>
<tag>PageContent</tag>
<tag>Setter</tag>
<doc>Clears and fills the given ``txt`` into the text field found by ``selector``.</doc>
<status status="PASS" start="2025-04-06T19:19:26.016102" elapsed="0.030731"/>
</kw>
<kw name="Click" owner="Browser">
<msg time="2025-04-06T19:19:26.079411" level="INFO">Clicks the element 'text=login'.</msg>
<arg>text=login</arg>
<tag>PageContent</tag>
<tag>Setter</tag>
<doc>Simulates mouse click on the element found by ``selector``.</doc>
<status status="PASS" start="2025-04-06T19:19:26.078454" elapsed="0.082867"/>
</kw>
<kw name="Wait For Elements State" owner="Browser">
<msg time="2025-04-06T19:19:27.103438" level="INFO">Waited for Element with selector text=log in at state hidden</msg>
<arg>text=log in</arg>
<arg>hidden</arg>
<arg>timeout=5s</arg>
<tag>PageContent</tag>
<tag>Wait</tag>
<doc>Waits for the element found by ``selector`` to satisfy state option.</doc>
<status status="PASS" start="2025-04-06T19:19:26.161817" elapsed="0.941864"/>
</kw>
<msg time="2025-04-06T19:19:27.117782" level="INFO">Set timeout to: 10000</msg>
<msg time="2025-04-06T19:19:27.136230" level="INFO">Switching context to context=9ffb89ee-226a-455b-bbe5-d5e00824b35a in CURRENT</msg>
<msg time="2025-04-06T19:19:27.148149" level="INFO">Successfully changed active context: context=9ffb89ee-226a-455b-bbe5-d5e00824b35a</msg>
<msg time="2025-04-06T19:19:27.369285" level="INFO">Successfully closed Context</msg>
<status status="PASS" start="2025-04-06T19:19:22.534254" elapsed="4.578976"/>
</test>
<status status="PASS" start="2025-04-06T19:19:22.309075" elapsed="5.087840"/>
</suite>
<statistics>
<total>
<stat pass="1" fail="0" skip="0">All Tests</stat>
</total>
<tag>
</tag>
<suite>
<stat name="Login" id="s1" pass="1" fail="0" skip="0">Login</stat>
</suite>
</statistics>
<errors>
</errors>
</robot>
