<?xml version="1.0" encoding="UTF-8"?>
<robot generator="Robot 7.2.2 (Python 3.13.1 on win32)" generated="2025-04-06T19:19:53.560204" rpa="false" schemaversion="5">
<suite id="s1" name="Login Encrypted" source="C:\Users\olive\PycharmProjects\Ohjelmointi1\client-school\tests\login_encrypted.robot">
<test id="s1-t1" name="Login With Encrypted Credentials" line="6">
<kw name="New Browser" owner="Browser">
<msg time="2025-04-06T19:19:53.785938" level="INFO">{"browser": "chromium", "headless": false, "chromiumSandbox": false, "devtools": false, "handleSIGHUP": true, "handleSIGINT": true, "handleSIGTERM": true, "slowMo": 0.0, "timeout": 30000.0, "tracesDir": "C:\\Users\\olive\\PycharmProjects\\Ohjelmointi1\\client-school\\outputs\\Case6\\browser\\traces\\temp\\33772c7d-4c20-45d4-befe-8276c5b232f8"}</msg>
<msg time="2025-04-06T19:19:53.807746" level="INFO">Starting Browser process C:\Users\olive\PycharmProjects\Ohjelmointi1\client-school\.venv\Lib\site-packages\Browser\wrapper\index.js using port 61059</msg>
<msg time="2025-04-06T19:19:53.807860" level="INFO">Node startup parameters: ['node', 'C:\\Users\\olive\\PycharmProjects\\Ohjelmointi1\\client-school\\.venv\\Lib\\site-packages\\Browser\\wrapper\\index.js', '61059']</msg>
<msg time="2025-04-06T19:19:54.660663" level="INFO">Successfully created browser with options: {"browser":"chromium","headless":false,"chromiumSandbox":false,"devtools":false,"handleSIGHUP":true,"handleSIGINT":true,"handleSIGTERM":true,"slowMo":0,"timeout":30000,"tracesDir":"C:\\Users\\olive\\PycharmProjects\\Ohjelmointi1\\client-school\\outputs\\Case6\\browser\\traces\\temp\\33772c7d-4c20-45d4-befe-8276c5b232f8"}</msg>
<arg>headless=false</arg>
<tag>BrowserControl</tag>
<tag>Setter</tag>
<doc>Create a new playwright Browser with specified options.</doc>
<status status="PASS" start="2025-04-06T19:19:53.784617" elapsed="0.876286"/>
</kw>
<kw name="New Page" owner="Browser">
<msg time="2025-04-06T19:19:55.432590" level="INFO">Successfully initialized new page object and opened url: https://healthdiary.netlify.app/login</msg>
<msg time="2025-04-06T19:19:55.432706" level="INFO">No context was open. New context was automatically opened when this page is created.</msg>
<arg>https://healthdiary.netlify.app/login</arg>
<tag>BrowserControl</tag>
<tag>Setter</tag>
<doc>Open a new Page.</doc>
<status status="PASS" start="2025-04-06T19:19:54.665407" elapsed="0.767525"/>
</kw>
<kw name="Fill Text" owner="Browser">
<msg time="2025-04-06T19:19:55.434411" level="INFO">Fills the text 'test1234' in the given field.</msg>
<arg>input &gt;&gt; nth=0</arg>
<arg>${USERNAME}</arg>
<tag>PageContent</tag>
<tag>Setter</tag>
<doc>Clears and fills the given ``txt`` into the text field found by ``selector``.</doc>
<status status="PASS" start="2025-04-06T19:19:55.433464" elapsed="0.091744"/>
</kw>
<kw name="Fill Text" owner="Browser">
<msg time="2025-04-06T19:19:55.528841" level="INFO">Fills the text 'test1234' in the given field.</msg>
<arg>input &gt;&gt; nth=1</arg>
<arg>${PASSWORD}</arg>
<tag>PageContent</tag>
<tag>Setter</tag>
<doc>Clears and fills the given ``txt`` into the text field found by ``selector``.</doc>
<status status="PASS" start="2025-04-06T19:19:55.528004" elapsed="0.027636"/>
</kw>
<kw name="Click" owner="Browser">
<msg time="2025-04-06T19:19:55.563056" level="INFO">Clicks the element 'text=login'.</msg>
<arg>text=login</arg>
<tag>PageContent</tag>
<tag>Setter</tag>
<doc>Simulates mouse click on the element found by ``selector``.</doc>
<status status="PASS" start="2025-04-06T19:19:55.562180" elapsed="0.096299"/>
</kw>
<kw name="Wait For Elements State" owner="Browser">
<msg time="2025-04-06T19:19:56.623131" level="INFO">Waited for Element with selector text=New Journal Entry at state visible</msg>
<arg>text=New Journal Entry</arg>
<arg>visible</arg>
<tag>PageContent</tag>
<tag>Wait</tag>
<doc>Waits for the element found by ``selector`` to satisfy state option.</doc>
<status status="PASS" start="2025-04-06T19:19:55.730073" elapsed="0.893428"/>
</kw>
<msg time="2025-04-06T19:19:56.639120" level="INFO">Set timeout to: 10000</msg>
<msg time="2025-04-06T19:19:56.658848" level="INFO">Switching context to context=ba086288-336a-465d-87b9-bd9098711632 in CURRENT</msg>
<msg time="2025-04-06T19:19:56.667854" level="INFO">Successfully changed active context: context=ba086288-336a-465d-87b9-bd9098711632</msg>
<msg time="2025-04-06T19:19:56.893760" level="INFO">Successfully closed Context</msg>
<status status="PASS" start="2025-04-06T19:19:53.782912" elapsed="2.850456"/>
</test>
<status status="PASS" start="2025-04-06T19:19:53.562288" elapsed="3.417417"/>
</suite>
<statistics>
<total>
<stat pass="1" fail="0" skip="0">All Tests</stat>
</total>
<tag>
</tag>
<suite>
<stat name="Login Encrypted" id="s1" pass="1" fail="0" skip="0">Login Encrypted</stat>
</suite>
</statistics>
<errors>
</errors>
</robot>
