<?xml version="1.0" encoding="UTF-8"?>
<robot generator="Robot 7.2.2 (Python 3.13.1 on win32)" generated="2025-04-06T19:19:47.953731" rpa="false" schemaversion="5">
<suite id="s1" name="Login Env" source="C:\Users\olive\PycharmProjects\Ohjelmointi1\client-school\tests\login_env.robot">
<test id="s1-t1" name="Login With Env Credentials" line="6">
<kw name="New Browser" owner="Browser">
<msg time="2025-04-06T19:19:48.180883" level="INFO">{"browser": "chromium", "headless": false, "chromiumSandbox": false, "devtools": false, "handleSIGHUP": true, "handleSIGINT": true, "handleSIGTERM": true, "slowMo": 0.0, "timeout": 30000.0, "tracesDir": "C:\\Users\\olive\\PycharmProjects\\Ohjelmointi1\\client-school\\outputs\\Case5\\browser\\traces\\temp\\04cd5565-f4ea-424a-8b58-34fb1cb28887"}</msg>
<msg time="2025-04-06T19:19:48.203295" level="INFO">Starting Browser process C:\Users\olive\PycharmProjects\Ohjelmointi1\client-school\.venv\Lib\site-packages\Browser\wrapper\index.js using port 61044</msg>
<msg time="2025-04-06T19:19:48.203405" level="INFO">Node startup parameters: ['node', 'C:\\Users\\olive\\PycharmProjects\\Ohjelmointi1\\client-school\\.venv\\Lib\\site-packages\\Browser\\wrapper\\index.js', '61044']</msg>
<msg time="2025-04-06T19:19:49.592035" level="INFO">Successfully created browser with options: {"browser":"chromium","headless":false,"chromiumSandbox":false,"devtools":false,"handleSIGHUP":true,"handleSIGINT":true,"handleSIGTERM":true,"slowMo":0,"timeout":30000,"tracesDir":"C:\\Users\\olive\\PycharmProjects\\Ohjelmointi1\\client-school\\outputs\\Case5\\browser\\traces\\temp\\04cd5565-f4ea-424a-8b58-34fb1cb28887"}</msg>
<arg>headless=false</arg>
<tag>BrowserControl</tag>
<tag>Setter</tag>
<doc>Create a new playwright Browser with specified options.</doc>
<status status="PASS" start="2025-04-06T19:19:48.180182" elapsed="1.412158"/>
</kw>
<kw name="New Page" owner="Browser">
<msg time="2025-04-06T19:19:50.378301" level="INFO">Successfully initialized new page object and opened url: https://healthdiary.netlify.app/login</msg>
<msg time="2025-04-06T19:19:50.378450" level="INFO">No context was open. New context was automatically opened when this page is created.</msg>
<arg>https://healthdiary.netlify.app/login</arg>
<tag>BrowserControl</tag>
<tag>Setter</tag>
<doc>Open a new Page.</doc>
<status status="PASS" start="2025-04-06T19:19:49.597996" elapsed="0.780735"/>
</kw>
<kw name="Fill Text" owner="Browser">
<msg time="2025-04-06T19:19:50.398152" level="INFO">Fills the text 'test1234' in the given field.</msg>
<arg>input &gt;&gt; nth=0</arg>
<arg>${USERNAME}</arg>
<tag>PageContent</tag>
<tag>Setter</tag>
<doc>Clears and fills the given ``txt`` into the text field found by ``selector``.</doc>
<status status="PASS" start="2025-04-06T19:19:50.396483" elapsed="0.074371"/>
</kw>
<kw name="Fill Text" owner="Browser">
<msg time="2025-04-06T19:19:50.474515" level="INFO">Fills the text 'test1234' in the given field.</msg>
<arg>input &gt;&gt; nth=1</arg>
<arg>${PASSWORD}</arg>
<tag>PageContent</tag>
<tag>Setter</tag>
<doc>Clears and fills the given ``txt`` into the text field found by ``selector``.</doc>
<status status="PASS" start="2025-04-06T19:19:50.473538" elapsed="0.022964"/>
</kw>
<kw name="Click" owner="Browser">
<msg time="2025-04-06T19:19:50.508355" level="INFO">Clicks the element 'text=login'.</msg>
<arg>text=login</arg>
<tag>PageContent</tag>
<tag>Setter</tag>
<doc>Simulates mouse click on the element found by ``selector``.</doc>
<status status="PASS" start="2025-04-06T19:19:50.507528" elapsed="0.101049"/>
</kw>
<kw name="Wait For Elements State" owner="Browser">
<msg time="2025-04-06T19:19:51.485148" level="INFO">Waited for Element with selector text=New Journal Entry at state visible</msg>
<arg>text=New Journal Entry</arg>
<arg>visible</arg>
<tag>PageContent</tag>
<tag>Wait</tag>
<doc>Waits for the element found by ``selector`` to satisfy state option.</doc>
<status status="PASS" start="2025-04-06T19:19:50.610896" elapsed="0.874653"/>
</kw>
<msg time="2025-04-06T19:19:51.547713" level="INFO">Set timeout to: 10000</msg>
<msg time="2025-04-06T19:19:51.567551" level="INFO">Switching context to context=46e51f27-8c9e-48a4-9700-2d330d5b9abb in CURRENT</msg>
<msg time="2025-04-06T19:19:51.580742" level="INFO">Successfully changed active context: context=46e51f27-8c9e-48a4-9700-2d330d5b9abb</msg>
<msg time="2025-04-06T19:19:51.934147" level="INFO">Successfully closed Context</msg>
<status status="PASS" start="2025-04-06T19:19:48.179320" elapsed="3.362838"/>
</test>
<status status="PASS" start="2025-04-06T19:19:47.955409" elapsed="3.985226"/>
</suite>
<statistics>
<total>
<stat pass="1" fail="0" skip="0">All Tests</stat>
</total>
<tag>
</tag>
<suite>
<stat name="Login Env" id="s1" pass="1" fail="0" skip="0">Login Env</stat>
</suite>
</statistics>
<errors>
</errors>
</robot>
